# JRE version: Java(TM) SE Runtime Environment (8.0_111-b14) (build 1.8.0_111-b14)
# Java VM: Java HotSpot(TM) 64-Bit Server VM (25.111-b14 mixed mode windows-amd64 compressed oops)
Heap:
 PSYoungGen      total 321024K, used 47951K [0x00000000e0400000, 0x00000000f5880000, 0x0000000100000000)
  eden space 315904K, 15% used [0x00000000e0400000,0x00000000e32d3ce0,0x00000000f3880000)
  from space 5120K, 0% used [0x00000000f3880000,0x00000000f3880000,0x00000000f3d80000)
  to   space 16384K, 0% used [0x00000000f4880000,0x00000000f4880000,0x00000000f5880000)
 ParOldGen       total 84480K, used 23348K [0x00000000a0c00000, 0x00000000a5e80000, 0x00000000e0400000)
  object space 84480K, 27% used [0x00000000a0c00000,0x00000000a22cd050,0x00000000a5e80000)
 Metaspace       used 59045K, capacity 63298K, committed 63448K, reserved 1103872K
  class space    used 8300K, capacity 9114K, committed 9216K, reserved 1048576K
GC Heap History (10 events):
Event: 777.616 GC heap before
{Heap before GC invocations=18 (full 5):
 PSYoungGen      total 321536K, used 4910K [0x00000000e0400000, 0x00000000f5a80000, 0x0000000100000000)
  eden space 303616K, 0% used [0x00000000e0400000,0x00000000e0400000,0x00000000f2c80000)
  from space 17920K, 27% used [0x00000000f2c80000,0x00000000f314b900,0x00000000f3e00000)
  to   space 17408K, 0% used [0x00000000f4980000,0x00000000f4980000,0x00000000f5a80000)
 ParOldGen       total 84480K, used 25074K [0x00000000a0c00000, 0x00000000a5e80000, 0x00000000e0400000)
  object space 84480K, 29% used [0x00000000a0c00000,0x00000000a247cba0,0x00000000a5e80000)
 Metaspace       used 58430K, capacity 62356K, committed 62424K, reserved 1103872K
  class space    used 8221K, capacity 8939K, committed 8960K, reserved 1048576K
Event: 777.845 GC heap after
Heap after GC invocations=18 (full 5):
 PSYoungGen      total 321536K, used 0K [0x00000000e0400000, 0x00000000f5a80000, 0x0000000100000000)
  eden space 303616K, 0% used [0x00000000e0400000,0x00000000e0400000,0x00000000f2c80000)
  from space 17920K, 0% used [0x00000000f2c80000,0x00000000f2c80000,0x00000000f3e00000)
  to   space 17408K, 0% used [0x00000000f4980000,0x00000000f4980000,0x00000000f5a80000)
 ParOldGen       total 84480K, used 22879K [0x00000000a0c00000, 0x00000000a5e80000, 0x00000000e0400000)
  object space 84480K, 27% used [0x00000000a0c00000,0x00000000a2257d58,0x00000000a5e80000)
 Metaspace       used 58426K, capacity 62350K, committed 62424K, reserved 1103872K
  class space    used 8220K, capacity 8938K, committed 8960K, reserved 1048576K
}
Event: 808.555 GC heap before
{Heap before GC invocations=19 (full 5):
 PSYoungGen      total 321536K, used 162824K [0x00000000e0400000, 0x00000000f5a80000, 0x0000000100000000)
  eden space 303616K, 53% used [0x00000000e0400000,0x00000000ea302308,0x00000000f2c80000)
  from space 17920K, 0% used [0x00000000f2c80000,0x00000000f2c80000,0x00000000f3e00000)
  to   space 17408K, 0% used [0x00000000f4980000,0x00000000f4980000,0x00000000f5a80000)
 ParOldGen       total 84480K, used 22879K [0x00000000a0c00000, 0x00000000a5e80000, 0x00000000e0400000)
  object space 84480K, 27% used [0x00000000a0c00000,0x00000000a2257d58,0x00000000a5e80000)
 Metaspace       used 58705K, capacity 62708K, committed 62808K, reserved 1103872K
  class space    used 8251K, capacity 8998K, committed 9088K, reserved 1048576K
Event: 808.569 GC heap after
Heap after GC invocations=19 (full 5):
 PSYoungGen      total 332288K, used 4871K [0x00000000e0400000, 0x00000000f5980000, 0x0000000100000000)
  eden space 315904K, 0% used [0x00000000e0400000,0x00000000e0400000,0x00000000f3880000)
  from space 16384K, 29% used [0x00000000f4980000,0x00000000f4e41f50,0x00000000f5980000)
  to   space 16896K, 0% used [0x00000000f3880000,0x00000000f3880000,0x00000000f4900000)
 ParOldGen       total 84480K, used 22887K [0x00000000a0c00000, 0x00000000a5e80000, 0x00000000e0400000)
  object space 84480K, 27% used [0x00000000a0c00000,0x00000000a2259d58,0x00000000a5e80000)
 Metaspace       used 58705K, capacity 62708K, committed 62808K, reserved 1103872K
  class space    used 8251K, capacity 8998K, committed 9088K, reserved 1048576K
}
Event: 808.569 GC heap before
{Heap before GC invocations=20 (full 6):
 PSYoungGen      total 332288K, used 4871K [0x00000000e0400000, 0x00000000f5980000, 0x0000000100000000)
  eden space 315904K, 0% used [0x00000000e0400000,0x00000000e0400000,0x00000000f3880000)
  from space 16384K, 29% used [0x00000000f4980000,0x00000000f4e41f50,0x00000000f5980000)
  to   space 16896K, 0% used [0x00000000f3880000,0x00000000f3880000,0x00000000f4900000)
 ParOldGen       total 84480K, used 22887K [0x00000000a0c00000, 0x00000000a5e80000, 0x00000000e0400000)
  object space 84480K, 27% used [0x00000000a0c00000,0x00000000a2259d58,0x00000000a5e80000)
 Metaspace       used 58705K, capacity 62708K, committed 62808K, reserved 1103872K
  class space    used 8251K, capacity 8998K, committed 9088K, reserved 1048576K
Event: 808.846 GC heap after
Heap after GC invocations=20 (full 6):
 PSYoungGen      total 332288K, used 0K [0x00000000e0400000, 0x00000000f5980000, 0x0000000100000000)
  eden space 315904K, 0% used [0x00000000e0400000,0x00000000e0400000,0x00000000f3880000)
  from space 16384K, 0% used [0x00000000f4980000,0x00000000f4980000,0x00000000f5980000)
  to   space 16896K, 0% used [0x00000000f3880000,0x00000000f3880000,0x00000000f4900000)
 ParOldGen       total 84480K, used 23117K [0x00000000a0c00000, 0x00000000a5e80000, 0x00000000e0400000)
  object space 84480K, 27% used [0x00000000a0c00000,0x00000000a22935d8,0x00000000a5e80000)
 Metaspace       used 58699K, capacity 62696K, committed 62808K, reserved 1103872K
  class space    used 8250K, capacity 8995K, committed 9088K, reserved 1048576K
}
Event: 901.863 GC heap before
{Heap before GC invocations=21 (full 6):
 PSYoungGen      total 332288K, used 164684K [0x00000000e0400000, 0x00000000f5980000, 0x0000000100000000)
  eden space 315904K, 52% used [0x00000000e0400000,0x00000000ea4d3320,0x00000000f3880000)
  from space 16384K, 0% used [0x00000000f4980000,0x00000000f4980000,0x00000000f5980000)
  to   space 16896K, 0% used [0x00000000f3880000,0x00000000f3880000,0x00000000f4900000)
 ParOldGen       total 84480K, used 23117K [0x00000000a0c00000, 0x00000000a5e80000, 0x00000000e0400000)
  object space 84480K, 27% used [0x00000000a0c00000,0x00000000a22935d8,0x00000000a5e80000)
 Metaspace       used 59019K, capacity 63222K, committed 63448K, reserved 1103872K
  class space    used 8294K, capacity 9109K, committed 9216K, reserved 1048576K
Event: 901.876 GC heap after
Heap after GC invocations=21 (full 6):
 PSYoungGen      total 321024K, used 4878K [0x00000000e0400000, 0x00000000f5880000, 0x0000000100000000)
  eden space 315904K, 0% used [0x00000000e0400000,0x00000000e0400000,0x00000000f3880000)
  from space 5120K, 95% used [0x00000000f3880000,0x00000000f3d43900,0x00000000f3d80000)
  to   space 16384K, 0% used [0x00000000f4880000,0x00000000f4880000,0x00000000f5880000)
 ParOldGen       total 84480K, used 23125K [0x00000000a0c00000, 0x00000000a5e80000, 0x00000000e0400000)
  object space 84480K, 27% used [0x00000000a0c00000,0x00000000a22955d8,0x00000000a5e80000)
 Metaspace       used 59019K, capacity 63222K, committed 63448K, reserved 1103872K
  class space    used 8294K, capacity 9109K, committed 9216K, reserved 1048576K
}
Event: 901.876 GC heap before
{Heap before GC invocations=22 (full 7):
 PSYoungGen      total 321024K, used 4878K [0x00000000e0400000, 0x00000000f5880000, 0x0000000100000000)
  eden space 315904K, 0% used [0x00000000e0400000,0x00000000e0400000,0x00000000f3880000)
  from space 5120K, 95% used [0x00000000f3880000,0x00000000f3d43900,0x00000000f3d80000)
  to   space 16384K, 0% used [0x00000000f4880000,0x00000000f4880000,0x00000000f5880000)
 ParOldGen       total 84480K, used 23125K [0x00000000a0c00000, 0x00000000a5e80000, 0x00000000e0400000)
  object space 84480K, 27% used [0x00000000a0c00000,0x00000000a22955d8,0x00000000a5e80000)
 Metaspace       used 59019K, capacity 63222K, committed 63448K, reserved 1103872K
  class space    used 8294K, capacity 9109K, committed 9216K, reserved 1048576K
Event: 902.123 GC heap after
Heap after GC invocations=22 (full 7):
 PSYoungGen      total 321024K, used 0K [0x00000000e0400000, 0x00000000f5880000, 0x0000000100000000)
  eden space 315904K, 0% used [0x00000000e0400000,0x00000000e0400000,0x00000000f3880000)
  from space 5120K, 0% used [0x00000000f3880000,0x00000000f3880000,0x00000000f3d80000)
  to   space 16384K, 0% used [0x00000000f4880000,0x00000000f4880000,0x00000000f5880000)
 ParOldGen       total 84480K, used 23348K [0x00000000a0c00000, 0x00000000a5e80000, 0x00000000e0400000)
  object space 84480K, 27% used [0x00000000a0c00000,0x00000000a22cd050,0x00000000a5e80000)
 Metaspace       used 59013K, capacity 63210K, committed 63448K, reserved 1103872K
  class space    used 8293K, capacity 9106K, committed 9216K, reserved 1048576K
}

